<?xml version="1.0" encoding="UTF-8"?>
<!-- Generated by org.testng.reporters.JUnitXMLReporter -->
<testsuite ignored="0" hostname="SPARTANS-QA5L" failures="0" tests="5" name="Command line test" time="0.077" errors="0" timestamp="2023-02-15T19:42:14 IST">
  <testcase classname="sample.PriorityTest" name="a_method" time="0.005"/>
  <testcase classname="sample.PriorityTest" name="b_method" time="0.001"/>
  <testcase classname="sample.PriorityTest" name="c_method" time="0.001"/>
  <testcase classname="sample.PriorityTest" name="d_method" time="0.0"/>
  <testcase classname="sample.PriorityTest" name="e_method" time="0.0"/>
</testsuite> <!-- Command line test -->
