<?xml version="1.0" encoding="UTF-8"?>
<testng-results ignored="0" total="5" passed="5" failed="0" skipped="0">
  <reporter-output>
  </reporter-output>
  <suite started-at="2023-02-15T19:42:14 IST" name="sample.PriorityTest" finished-at="2023-02-15T19:42:14 IST" duration-ms="77">
    <groups>
    </groups>
    <test started-at="2023-02-15T19:42:14 IST" name="Command line test" finished-at="2023-02-15T19:42:14 IST" duration-ms="77">
      <class name="sample.PriorityTest">
        <test-method signature="a_method()[pri:0, instance:sample.PriorityTest@1c1bbc4e]" started-at="2023-02-15T19:42:14 IST" name="a_method" finished-at="2023-02-15T19:42:14 IST" duration-ms="5" status="PASS">
          <reporter-output>
          </reporter-output>
        </test-method> <!-- a_method -->
        <test-method signature="b_method()[pri:1, instance:sample.PriorityTest@1c1bbc4e]" started-at="2023-02-15T19:42:14 IST" name="b_method" finished-at="2023-02-15T19:42:14 IST" duration-ms="1" status="PASS">
          <reporter-output>
          </reporter-output>
        </test-method> <!-- b_method -->
        <test-method signature="c_method()[pri:2, instance:sample.PriorityTest@1c1bbc4e]" started-at="2023-02-15T19:42:14 IST" name="c_method" finished-at="2023-02-15T19:42:14 IST" duration-ms="1" status="PASS">
          <reporter-output>
          </reporter-output>
        </test-method> <!-- c_method -->
        <test-method signature="d_method()[pri:3, instance:sample.PriorityTest@1c1bbc4e]" started-at="2023-02-15T19:42:14 IST" name="d_method" finished-at="2023-02-15T19:42:14 IST" duration-ms="0" status="PASS">
          <reporter-output>
          </reporter-output>
        </test-method> <!-- d_method -->
        <test-method signature="e_method()[pri:4, instance:sample.PriorityTest@1c1bbc4e]" started-at="2023-02-15T19:42:14 IST" name="e_method" finished-at="2023-02-15T19:42:14 IST" duration-ms="0" status="PASS">
          <reporter-output>
          </reporter-output>
        </test-method> <!-- e_method -->
      </class> <!-- sample.PriorityTest -->
    </test> <!-- Command line test -->
  </suite> <!-- sample.PriorityTest -->
</testng-results>
